<?xml version="1.0" encoding="UTF-8"?>
<testng-results skipped="0" failed="0" ignored="0" total="1" passed="1">
  <reporter-output>
  </reporter-output>
  <suite name="Default suite" duration-ms="14155" started-at="2019-10-11T21:45:56 IST" finished-at="2019-10-11T21:46:10 IST">
    <groups>
    </groups>
    <test name="Default test" duration-ms="14155" started-at="2019-10-11T21:45:56 IST" finished-at="2019-10-11T21:46:10 IST">
      <class name="BasicSelenium.SeleniumClass1">
        <test-method status="PASS" signature="login()[pri:0, instance:BasicSelenium.SeleniumClass1@370736d9]" name="login" duration-ms="14078" started-at="2019-10-11T21:45:56 IST" finished-at="2019-10-11T21:46:10 IST">
          <reporter-output>
          </reporter-output>
        </test-method> <!-- login -->
      </class> <!-- BasicSelenium.SeleniumClass1 -->
    </test> <!-- Default test -->
  </suite> <!-- Default suite -->
</testng-results>
