<?xml version="1.0" encoding="UTF-8"?>
<testng-results skipped="0" failed="0" ignored="0" total="1" passed="1">
  <reporter-output>
  </reporter-output>
  <suite name="Default suite" duration-ms="30590" started-at="2019-10-18T21:11:03 IST" finished-at="2019-10-18T21:11:34 IST">
    <groups>
    </groups>
    <test name="Default test" duration-ms="30590" started-at="2019-10-18T21:11:03 IST" finished-at="2019-10-18T21:11:34 IST">
      <class name="AdvanceSelenium.MouseHavor">
        <test-method status="PASS" signature="test()[pri:0, instance:AdvanceSelenium.MouseHavor@6536e911]" name="test" duration-ms="30513" started-at="2019-10-18T21:11:03 IST" finished-at="2019-10-18T21:11:34 IST">
          <reporter-output>
          </reporter-output>
        </test-method> <!-- test -->
      </class> <!-- AdvanceSelenium.MouseHavor -->
    </test> <!-- Default test -->
  </suite> <!-- Default suite -->
</testng-results>
