<?xml version="1.0" encoding="UTF-8"?>
<!-- Generated by org.testng.reporters.JUnitXMLReporter -->
<testsuite hostname="DESKTOP-8HOC27L" ignored="0" name="Default test" tests="3" failures="0" timestamp="2019-10-11T21:10:16 IST" time="0.114" errors="0">
  <testcase name="login" time="0.015" classname="dataProvider.TestDataProvider1"/>
  <testcase name="login" time="0.0" classname="dataProvider.TestDataProvider1"/>
  <testcase name="login" time="0.0" classname="dataProvider.TestDataProvider1"/>
</testsuite> <!-- Default test -->
