<?xml version="1.0" encoding="UTF-8"?>
<testng-results skipped="0" failed="0" ignored="0" total="4" passed="4">
  <reporter-output>
  </reporter-output>
  <suite name="Suite" duration-ms="59482" started-at="2019-10-21T22:01:23 IST" finished-at="2019-10-21T22:02:23 IST">
    <groups>
    </groups>
    <test name="Test" duration-ms="59482" started-at="2019-10-21T22:01:23 IST" finished-at="2019-10-21T22:02:23 IST">
      <class name="testScripts.TC_FlightBooking_Login">
        <test-method status="PASS" signature="initialize()[pri:0, instance:testScripts.TC_FlightBooking_Login@2b2948e2]" name="initialize" is-config="true" duration-ms="11167" started-at="2019-10-21T22:01:23 IST" finished-at="2019-10-21T22:01:35 IST">
          <reporter-output>
          </reporter-output>
        </test-method> <!-- initialize -->
        <test-method status="PASS" signature="loginTest()[pri:0, instance:testScripts.TC_FlightBooking_Login@2b2948e2]" name="loginTest" duration-ms="12677" started-at="2019-10-21T22:01:35 IST" finished-at="2019-10-21T22:01:47 IST">
          <reporter-output>
          </reporter-output>
        </test-method> <!-- loginTest -->
        <test-method status="PASS" signature="logoutTest()[pri:0, instance:testScripts.TC_FlightBooking_Login@2b2948e2]" name="logoutTest" duration-ms="2727" started-at="2019-10-21T22:01:47 IST" finished-at="2019-10-21T22:01:50 IST">
          <reporter-output>
          </reporter-output>
        </test-method> <!-- logoutTest -->
        <test-method status="PASS" signature="tearDown()[pri:0, instance:testScripts.TC_FlightBooking_Login@2b2948e2]" name="tearDown" is-config="true" duration-ms="855" started-at="2019-10-21T22:01:50 IST" finished-at="2019-10-21T22:01:51 IST">
          <reporter-output>
          </reporter-output>
        </test-method> <!-- tearDown -->
      </class> <!-- testScripts.TC_FlightBooking_Login -->
      <class name="testScripts.TC_FlightBooking_LoginWithMultipleDataSets">
        <test-method status="PASS" signature="initialize()[pri:0, instance:testScripts.TC_FlightBooking_LoginWithMultipleDataSets@6ddf90b0]" name="initialize" is-config="true" duration-ms="3671" started-at="2019-10-21T22:01:51 IST" finished-at="2019-10-21T22:01:54 IST">
          <reporter-output>
          </reporter-output>
        </test-method> <!-- initialize -->
        <test-method status="PASS" signature="loginTest(java.lang.String, java.lang.String)[pri:0, instance:testScripts.TC_FlightBooking_LoginWithMultipleDataSets@6ddf90b0]" name="loginTest" duration-ms="15866" started-at="2019-10-21T22:01:55 IST" data-provider="getData" finished-at="2019-10-21T22:02:10 IST">
          <params>
            <param index="0">
              <value>
                <![CDATA[mercury]]>
              </value>
            </param>
            <param index="1">
              <value>
                <![CDATA[mercury]]>
              </value>
            </param>
          </params>
          <reporter-output>
          </reporter-output>
        </test-method> <!-- loginTest -->
        <test-method status="PASS" signature="loginTest(java.lang.String, java.lang.String)[pri:0, instance:testScripts.TC_FlightBooking_LoginWithMultipleDataSets@6ddf90b0]" name="loginTest" duration-ms="11346" started-at="2019-10-21T22:02:10 IST" data-provider="getData" finished-at="2019-10-21T22:02:22 IST">
          <params>
            <param index="0">
              <value>
                <![CDATA[mercury1]]>
              </value>
            </param>
            <param index="1">
              <value>
                <![CDATA[mercury1]]>
              </value>
            </param>
          </params>
          <reporter-output>
          </reporter-output>
        </test-method> <!-- loginTest -->
        <test-method status="PASS" signature="tearDown()[pri:0, instance:testScripts.TC_FlightBooking_LoginWithMultipleDataSets@6ddf90b0]" name="tearDown" is-config="true" duration-ms="1057" started-at="2019-10-21T22:02:22 IST" finished-at="2019-10-21T22:02:23 IST">
          <reporter-output>
          </reporter-output>
        </test-method> <!-- tearDown -->
      </class> <!-- testScripts.TC_FlightBooking_LoginWithMultipleDataSets -->
    </test> <!-- Test -->
  </suite> <!-- Suite -->
</testng-results>
