<?xml version="1.0" encoding="UTF-8"?>
<!-- Generated by org.testng.reporters.JUnitXMLReporter -->
<testsuite hostname="DESKTOP-8HOC27L" ignored="0" name="Test" tests="4" failures="0" timestamp="2019-10-21T22:02:23 IST" time="59.482" errors="0">
  <testcase name="loginTest" time="12.677" classname="testScripts.TC_FlightBooking_Login"/>
  <testcase name="logoutTest" time="2.727" classname="testScripts.TC_FlightBooking_Login"/>
  <testcase name="loginTest" time="15.866" classname="testScripts.TC_FlightBooking_LoginWithMultipleDataSets"/>
  <testcase name="loginTest" time="11.346" classname="testScripts.TC_FlightBooking_LoginWithMultipleDataSets"/>
</testsuite> <!-- Test -->
