<?xml version="1.0" encoding="UTF-8"?>
<!-- Generated by org.testng.reporters.JUnitXMLReporter -->
<testsuite hostname="DESKTOP-8HOC27L" ignored="0" name="Default test" tests="2" failures="0" timestamp="2019-10-21T21:57:31 IST" time="27.481" errors="0">
  <testcase name="loginTest" time="12.944" classname="testScripts.TC_FlightBooking_LoginWithMultipleDataSets"/>
  <testcase name="loginTest" time="7.795" classname="testScripts.TC_FlightBooking_LoginWithMultipleDataSets"/>
</testsuite> <!-- Default test -->
